# Logfile created on 2014-01-23 20:53:24 -0500 by logger.rb/44203
I, [2014-01-23T20:53:24.272605 #4118]  INFO -- : 0:  rake (10.1.1) from /Users/alex/.rbenv/versions/2.1.0/lib/ruby/gems/2.1.0/specifications/rake-10.1.1.gemspec
I, [2014-01-23T20:53:24.272974 #4118]  INFO -- : 0:  i18n (0.6.9) from /Users/alex/.rbenv/versions/2.1.0/lib/ruby/gems/2.1.0/specifications/i18n-0.6.9.gemspec
I, [2014-01-23T20:53:24.273255 #4118]  INFO -- : 0:  minitest (4.7.5) from /Users/alex/.rbenv/versions/2.1.0/lib/ruby/gems/2.1.0/specifications/default/minitest-4.7.5.gemspec
I, [2014-01-23T20:53:24.273539 #4118]  INFO -- : 0:  multi_json (1.8.4) from /Users/alex/.rbenv/versions/2.1.0/lib/ruby/gems/2.1.0/specifications/multi_json-1.8.4.gemspec
I, [2014-01-23T20:53:24.273793 #4118]  INFO -- : 0:  atomic (1.1.14) from /Users/alex/.rbenv/versions/2.1.0/lib/ruby/gems/2.1.0/specifications/atomic-1.1.14.gemspec
I, [2014-01-23T20:53:24.274061 #4118]  INFO -- : 0:  thread_safe (0.1.3) from /Users/alex/.rbenv/versions/2.1.0/lib/ruby/gems/2.1.0/specifications/thread_safe-0.1.3.gemspec
I, [2014-01-23T20:53:24.274311 #4118]  INFO -- : 0:  tzinfo (0.3.38) from /Users/alex/.rbenv/versions/2.1.0/lib/ruby/gems/2.1.0/specifications/tzinfo-0.3.38.gemspec
I, [2014-01-23T20:53:24.274570 #4118]  INFO -- : 0:  activesupport (4.0.2) from /Users/alex/.rbenv/versions/2.1.0/lib/ruby/gems/2.1.0/specifications/activesupport-4.0.2.gemspec
I, [2014-01-23T20:53:24.274816 #4118]  INFO -- : 0:  builder (3.1.4) from /Users/alex/.rbenv/versions/2.1.0/lib/ruby/gems/2.1.0/specifications/builder-3.1.4.gemspec
I, [2014-01-23T20:53:24.275063 #4118]  INFO -- : 0:  erubis (2.7.0) from /Users/alex/.rbenv/versions/2.1.0/lib/ruby/gems/2.1.0/specifications/erubis-2.7.0.gemspec
I, [2014-01-23T20:53:24.275314 #4118]  INFO -- : 0:  rack (1.5.2) from /Users/alex/.rbenv/versions/2.1.0/lib/ruby/gems/2.1.0/specifications/rack-1.5.2.gemspec
I, [2014-01-23T20:53:24.275581 #4118]  INFO -- : 0:  rack-test (0.6.2) from /Users/alex/.rbenv/versions/2.1.0/lib/ruby/gems/2.1.0/specifications/rack-test-0.6.2.gemspec
I, [2014-01-23T20:53:24.275860 #4118]  INFO -- : 0:  actionpack (4.0.2) from /Users/alex/.rbenv/versions/2.1.0/lib/ruby/gems/2.1.0/specifications/actionpack-4.0.2.gemspec
I, [2014-01-23T20:53:24.276112 #4118]  INFO -- : 0:  mime-types (1.25.1) from /Users/alex/.rbenv/versions/2.1.0/lib/ruby/gems/2.1.0/specifications/mime-types-1.25.1.gemspec
I, [2014-01-23T20:53:24.276353 #4118]  INFO -- : 0:  polyglot (0.3.3) from /Users/alex/.rbenv/versions/2.1.0/lib/ruby/gems/2.1.0/specifications/polyglot-0.3.3.gemspec
I, [2014-01-23T20:53:24.276600 #4118]  INFO -- : 0:  treetop (1.4.15) from /Users/alex/.rbenv/versions/2.1.0/lib/ruby/gems/2.1.0/specifications/treetop-1.4.15.gemspec
I, [2014-01-23T20:53:24.276852 #4118]  INFO -- : 0:  mail (2.5.4) from /Users/alex/.rbenv/versions/2.1.0/lib/ruby/gems/2.1.0/specifications/mail-2.5.4.gemspec
I, [2014-01-23T20:53:24.277101 #4118]  INFO -- : 0:  actionmailer (4.0.2) from /Users/alex/.rbenv/versions/2.1.0/lib/ruby/gems/2.1.0/specifications/actionmailer-4.0.2.gemspec
I, [2014-01-23T20:53:24.277348 #4118]  INFO -- : 0:  activemodel (4.0.2) from /Users/alex/.rbenv/versions/2.1.0/lib/ruby/gems/2.1.0/specifications/activemodel-4.0.2.gemspec
I, [2014-01-23T20:53:24.277600 #4118]  INFO -- : 0:  activerecord-deprecated_finders (1.0.3) from /Users/alex/.rbenv/versions/2.1.0/lib/ruby/gems/2.1.0/specifications/activerecord-deprecated_finders-1.0.3.gemspec
I, [2014-01-23T20:53:24.277866 #4118]  INFO -- : 0:  arel (4.0.1) from /Users/alex/.rbenv/versions/2.1.0/lib/ruby/gems/2.1.0/specifications/arel-4.0.1.gemspec
I, [2014-01-23T20:53:24.278110 #4118]  INFO -- : 0:  activerecord (4.0.2) from /Users/alex/.rbenv/versions/2.1.0/lib/ruby/gems/2.1.0/specifications/activerecord-4.0.2.gemspec
I, [2014-01-23T20:53:24.278327 #4118]  INFO -- : 0:  bundler (1.5.1) from /Users/alex/.rbenv/versions/2.1.0/lib/ruby/gems/2.1.0/specifications/bundler-1.5.1.gemspec
I, [2014-01-23T20:53:25.638568 #4118]  INFO -- : 0:  mini_portile (0.5.2) from /Users/alex/.rbenv/versions/2.1.0/lib/ruby/gems/2.1.0/specifications/mini_portile-0.5.2.gemspec
I, [2014-01-23T20:54:40.403085 #4118]  INFO -- : 0:  nokogiri (1.6.1) from /Users/alex/.rbenv/versions/2.1.0/lib/ruby/gems/2.1.0/specifications/nokogiri-1.6.1.gemspec
I, [2014-01-23T20:54:41.202183 #4118]  INFO -- : 0:  xpath (2.0.0) from /Users/alex/.rbenv/versions/2.1.0/lib/ruby/gems/2.1.0/specifications/xpath-2.0.0.gemspec
I, [2014-01-23T20:54:44.068555 #4118]  INFO -- : 0:  capybara (2.2.1) from /Users/alex/.rbenv/versions/2.1.0/lib/ruby/gems/2.1.0/specifications/capybara-2.2.1.gemspec
I, [2014-01-23T20:54:44.068908 #4118]  INFO -- : 0:  json (1.8.1) from /Users/alex/.rbenv/versions/2.1.0/lib/ruby/gems/2.1.0/specifications/default/json-1.8.1.gemspec
I, [2014-01-23T20:55:09.965068 #4118]  INFO -- : 0:  capybara-webkit (1.1.0) from /Users/alex/.rbenv/versions/2.1.0/lib/ruby/gems/2.1.0/specifications/capybara-webkit-1.1.0.gemspec
I, [2014-01-23T20:55:09.965605 #4118]  INFO -- : 0:  coderay (1.1.0) from /Users/alex/.rbenv/versions/2.1.0/lib/ruby/gems/2.1.0/specifications/coderay-1.1.0.gemspec
I, [2014-01-23T20:55:10.884725 #4118]  INFO -- : 0:  coffee-script-source (1.6.3) from /Users/alex/.rbenv/versions/2.1.0/lib/ruby/gems/2.1.0/specifications/coffee-script-source-1.6.3.gemspec
I, [2014-01-23T20:55:11.690721 #4118]  INFO -- : 0:  execjs (2.0.2) from /Users/alex/.rbenv/versions/2.1.0/lib/ruby/gems/2.1.0/specifications/execjs-2.0.2.gemspec
I, [2014-01-23T20:55:13.374261 #4118]  INFO -- : 0:  coffee-script (2.2.0) from /Users/alex/.rbenv/versions/2.1.0/lib/ruby/gems/2.1.0/specifications/coffee-script-2.2.0.gemspec
I, [2014-01-23T20:55:13.374639 #4118]  INFO -- : 0:  thor (0.18.1) from /Users/alex/.rbenv/versions/2.1.0/lib/ruby/gems/2.1.0/specifications/thor-0.18.1.gemspec
I, [2014-01-23T20:55:13.374959 #4118]  INFO -- : 0:  railties (4.0.2) from /Users/alex/.rbenv/versions/2.1.0/lib/ruby/gems/2.1.0/specifications/railties-4.0.2.gemspec
I, [2014-01-23T20:55:14.413387 #4118]  INFO -- : 0:  coffee-rails (4.0.1) from /Users/alex/.rbenv/versions/2.1.0/lib/ruby/gems/2.1.0/specifications/coffee-rails-4.0.1.gemspec
I, [2014-01-23T20:55:14.413730 #4118]  INFO -- : 0:  diff-lcs (1.2.5) from /Users/alex/.rbenv/versions/2.1.0/lib/ruby/gems/2.1.0/specifications/diff-lcs-1.2.5.gemspec
I, [2014-01-23T20:55:14.414004 #4118]  INFO -- : 0:  hike (1.2.3) from /Users/alex/.rbenv/versions/2.1.0/lib/ruby/gems/2.1.0/specifications/hike-1.2.3.gemspec
I, [2014-01-23T20:55:15.276837 #4118]  INFO -- : 0:  jbuilder (1.5.3) from /Users/alex/.rbenv/versions/2.1.0/lib/ruby/gems/2.1.0/specifications/jbuilder-1.5.3.gemspec
I, [2014-01-23T20:55:15.277183 #4118]  INFO -- : 0:  method_source (0.8.2) from /Users/alex/.rbenv/versions/2.1.0/lib/ruby/gems/2.1.0/specifications/method_source-0.8.2.gemspec
I, [2014-01-23T20:55:15.277454 #4118]  INFO -- : 0:  slop (3.4.7) from /Users/alex/.rbenv/versions/2.1.0/lib/ruby/gems/2.1.0/specifications/slop-3.4.7.gemspec
I, [2014-01-23T20:55:15.277725 #4118]  INFO -- : 0:  pry (0.9.12.4) from /Users/alex/.rbenv/versions/2.1.0/lib/ruby/gems/2.1.0/specifications/pry-0.9.12.4.gemspec
I, [2014-01-23T20:55:16.108740 #4118]  INFO -- : 0:  pry-rails (0.3.2) from /Users/alex/.rbenv/versions/2.1.0/lib/ruby/gems/2.1.0/specifications/pry-rails-0.3.2.gemspec
I, [2014-01-23T20:55:16.109094 #4118]  INFO -- : 0:  tilt (1.4.1) from /Users/alex/.rbenv/versions/2.1.0/lib/ruby/gems/2.1.0/specifications/tilt-1.4.1.gemspec
I, [2014-01-23T20:55:16.109376 #4118]  INFO -- : 0:  sprockets (2.10.1) from /Users/alex/.rbenv/versions/2.1.0/lib/ruby/gems/2.1.0/specifications/sprockets-2.10.1.gemspec
I, [2014-01-23T20:55:16.109650 #4118]  INFO -- : 0:  sprockets-rails (2.0.1) from /Users/alex/.rbenv/versions/2.1.0/lib/ruby/gems/2.1.0/specifications/sprockets-rails-2.0.1.gemspec
I, [2014-01-23T20:55:16.109922 #4118]  INFO -- : 0:  rails (4.0.2) from /Users/alex/.rbenv/versions/2.1.0/lib/ruby/gems/2.1.0/specifications/rails-4.0.2.gemspec
I, [2014-01-23T20:55:16.110186 #4118]  INFO -- : 0:  rspec-core (2.14.7) from /Users/alex/.rbenv/versions/2.1.0/lib/ruby/gems/2.1.0/specifications/rspec-core-2.14.7.gemspec
I, [2014-01-23T20:55:16.110453 #4118]  INFO -- : 0:  rspec-expectations (2.14.4) from /Users/alex/.rbenv/versions/2.1.0/lib/ruby/gems/2.1.0/specifications/rspec-expectations-2.14.4.gemspec
I, [2014-01-23T20:55:16.110732 #4118]  INFO -- : 0:  rspec-mocks (2.14.4) from /Users/alex/.rbenv/versions/2.1.0/lib/ruby/gems/2.1.0/specifications/rspec-mocks-2.14.4.gemspec
I, [2014-01-23T20:55:18.010293 #4118]  INFO -- : 0:  rspec-rails (2.14.1) from /Users/alex/.rbenv/versions/2.1.0/lib/ruby/gems/2.1.0/specifications/rspec-rails-2.14.1.gemspec
I, [2014-01-23T20:55:26.920231 #4118]  INFO -- : 0:  sass (3.2.13) from /Users/alex/.rbenv/versions/2.1.0/lib/ruby/gems/2.1.0/specifications/sass-3.2.13.gemspec
I, [2014-01-23T20:55:28.528996 #4118]  INFO -- : 0:  sass-rails (4.0.1) from /Users/alex/.rbenv/versions/2.1.0/lib/ruby/gems/2.1.0/specifications/sass-rails-4.0.1.gemspec
I, [2014-01-23T20:55:32.104376 #4118]  INFO -- : 0:  uglifier (2.4.0) from /Users/alex/.rbenv/versions/2.1.0/lib/ruby/gems/2.1.0/specifications/uglifier-2.4.0.gemspec
